<?xml version="1.0" encoding="UTF-8"?>
<!-- Generated by org.testng.reporters.JUnitReportReporter -->
<testsuite hostname="DESKTOP-CFS2EAU" failures="0" tests="5" name="testNgPractice.InvocationCounts" time="64.653" errors="0" timestamp="2025-03-01T08:44:32 IST" skipped="0">
  <testcase classname="testNgPractice.InvocationCounts" name="navigateToAmazon" time="15.459"/>
  <system-out>
    <![CDATA[Navigated to Amazon]]>
  </system-out>
  <testcase classname="testNgPractice.InvocationCounts" name="navigateToPortfolio" time="12.539"/>
  <system-out>
    <![CDATA[Navigated to Portfolo]]>
  </system-out>
  <testcase classname="testNgPractice.InvocationCounts" name="navigateToGithub" time="15.349"/>
  <system-out>
    <![CDATA[Navigated to Github]]>
  </system-out>
  <testcase classname="testNgPractice.InvocationCounts" name="navigateToGithub" time="13.820"/>
  <system-out>
    <![CDATA[Navigated to Github]]>
  </system-out>
  <testcase classname="testNgPractice.InvocationCounts" name="navigateToFlipkart" time="7.486"/>
  <system-out>
    <![CDATA[Navigated to Flipkart]]>
  </system-out>
</testsuite> <!-- testNgPractice.InvocationCounts -->
