<?xml version="1.0" encoding="UTF-8"?>
<!-- Generated by org.testng.reporters.JUnitReportReporter -->
<testsuite hostname="DESKTOP-CFS2EAU" failures="0" tests="2" name="testNgPractice.Practice2" time="27.407" errors="0" timestamp="2025-03-19T16:13:16 IST" skipped="0">
  <testcase classname="testNgPractice.Practice2" name="navigateToFlipkart" time="16.661"/>
  <system-out>
    <![CDATA[Navigated to Flipkart]]>
  </system-out>
  <testcase classname="testNgPractice.Practice2" name="navigateToAmazon" time="10.746"/>
  <system-out>
    <![CDATA[Navigated to Amazon]]>
  </system-out>
</testsuite> <!-- testNgPractice.Practice2 -->
