<?xml version="1.0" encoding="UTF-8"?>
<!-- Generated by org.testng.reporters.JUnitReportReporter -->
<testsuite hostname="DESKTOP-CFS2EAU" failures="0" tests="4" name="testNgPractice.OrderPriority" time="52.137" errors="0" timestamp="2025-03-01T08:36:37 IST" skipped="0">
  <testcase classname="testNgPractice.OrderPriority" name="navigateToAmazon" time="15.440"/>
  <system-out>
    <![CDATA[Navigated to Amazon]]>
  </system-out>
  <testcase classname="testNgPractice.OrderPriority" name="navigateToPortfolio" time="13.087"/>
  <system-out>
    <![CDATA[Navigated to Portfolo]]>
  </system-out>
  <testcase classname="testNgPractice.OrderPriority" name="navigateToGithub" time="14.001"/>
  <system-out>
    <![CDATA[Navigated to Github]]>
  </system-out>
  <testcase classname="testNgPractice.OrderPriority" name="navigateToFlipkart" time="9.609"/>
  <system-out>
    <![CDATA[Navigated to Flipkart]]>
  </system-out>
</testsuite> <!-- testNgPractice.OrderPriority -->
