<?xml version="1.0" encoding="UTF-8"?>
<!-- Generated by org.testng.reporters.JUnitReportReporter -->
<testsuite hostname="DESKTOP-CFS2EAU" failures="0" tests="2" name="testNgPractice.Practice4" time="23.023" errors="0" timestamp="2025-03-01T22:13:30 IST" skipped="0">
  <testcase classname="testNgPractice.Practice4" name="navigateToGithub" time="15.399"/>
  <system-out>
    <![CDATA[Navigated to Github]]>
  </system-out>
  <testcase classname="testNgPractice.Practice4" name="navigateToPortfolio" time="7.624"/>
  <system-out>
    <![CDATA[Navigated to Portfolo]]>
  </system-out>
</testsuite> <!-- testNgPractice.Practice4 -->
