<?xml version="1.0" encoding="UTF-8"?>
<!-- Generated by org.testng.reporters.JUnitReportReporter -->
<testsuite hostname="DESKTOP-CFS2EAU" failures="0" tests="4" name="testNgPractice.Practice1" time="0.142" errors="0" timestamp="2025-03-01T08:01:03 IST" skipped="0">
  <testcase classname="testNgPractice.Practice1" name="test2" time="0.031"/>
  <system-out>
    <![CDATA[test2 executed]]>
  </system-out>
  <testcase classname="testNgPractice.Practice1" name="test1" time="0.047"/>
  <system-out>
    <![CDATA[test1 executed]]>
  </system-out>
  <testcase classname="testNgPractice.Practice1" name="test3" time="0.002"/>
  <system-out>
    <![CDATA[test3 executed]]>
  </system-out>
  <testcase classname="testNgPractice.Practice1" name="test4" time="0.062"/>
  <system-out>
    <![CDATA[test4 executed]]>
  </system-out>
</testsuite> <!-- testNgPractice.Practice1 -->
