<?xml version="1.0" encoding="UTF-8"?>
<!-- Generated by org.testng.reporters.JUnitReportReporter -->
<testsuite hostname="DESKTOP-CFS2EAU" failures="0" tests="2" name="testNgPractice.Practice3" time="27.467" errors="0" timestamp="2025-03-19T16:13:16 IST" skipped="0">
  <testcase classname="testNgPractice.Practice3" name="navigateToFacebook" time="16.441"/>
  <system-out>
    <![CDATA[Navigated to Facebook]]>
  </system-out>
  <testcase classname="testNgPractice.Practice3" name="navigateToGithub" time="11.026"/>
  <system-out>
    <![CDATA[Navigated to Github]]>
  </system-out>
</testsuite> <!-- testNgPractice.Practice3 -->
